{
  "RSpec": {
    "coverage": {
      "/Users/id/src/turing/mod2/projects/little_shop_v2/spec/features/nav_spec.rb": [
        1,
        null,
        1,
        1,
        1,
        1,
        null,
        1,
        1,
        1,
        1,
        1,
        1,
        1,
        1,
        1,
        1,
        1,
        1,
        null,
        null,
        null,
        1,
        1,
        1,
        1,
        null,
        1,
        null,
        1,
        1,
        null,
        1,
        null,
        1,
        null,
        1,
        1,
        1,
        1,
        null,
        null,
        null,
        1,
        1,
        1,
        1,
        null,
        1,
        null,
        1,
        1,
        null,
        null,
        null,
        1,
        1,
        1,
        1,
        null,
        1,
        null,
        1,
        1,
        1,
        1,
        null,
        null,
        null
      ],
      "/Users/id/src/turing/mod2/projects/little_shop_v2/spec/features/users/edit_spec.rb": [
        1,
        null,
        1,
        1,
        7,
        7,
        7,
        null,
        1,
        1,
        1,
        null,
        1,
        1,
        1,
        1,
        null,
        1,
        1,
        1,
        null,
        1,
        1,
        null,
        1,
        1,
        1,
        null,
        1,
        null,
        null,
        1,
        1,
        1,
        null,
        1,
        1,
        1,
        1,
        null,
        1,
        null,
        1,
        1,
        null,
        1,
        1,
        null,
        null,
        null,
        1,
        1,
        2,
        2,
        null,
        2,
        null,
        1,
        1,
        null,
        1,
        1,
        null,
        1,
        1,
        1,
        null,
        1,
        null,
        null,
        1,
        1,
        1,
        null,
        1,
        null,
        1,
        1,
        null,
        1,
        1,
        null,
        null,
        null,
        1,
        1,
        1,
        1,
        null,
        1,
        null,
        null,
        null,
        1,
        1,
        1,
        1,
        null,
        1,
        null,
        1,
        null,
        null,
        null,
        1,
        1,
        1,
        1,
        null,
        1,
        null,
        1,
        null,
        null,
        null,
        null
      ],
      "/Users/id/src/turing/mod2/projects/little_shop_v2/spec/features/users/index_spec.rb": [
        1,
        null,
        1,
        1,
        1,
        2,
        2,
        null,
        null,
        1,
        1,
        null,
        1,
        null,
        1,
        1,
        null,
        1,
        1,
        null,
        1,
        1,
        null,
        null,
        1,
        1,
        1,
        null,
        1,
        null,
        1,
        1,
        null,
        1,
        1,
        null,
        null,
        null,
        null,
        null,
        1,
        1,
        1,
        1,
        null,
        1,
        null,
        null,
        null,
        1,
        1,
        1,
        1,
        null,
        1,
        null,
        1,
        null,
        null,
        null,
        1,
        1,
        1,
        1,
        null,
        1,
        null,
        1,
        null,
        null,
        null
      ],
      "/Users/id/src/turing/mod2/projects/little_shop_v2/spec/features/users/registration_and_session_spec.rb": [
        1,
        null,
        1,
        1,
        1,
        1,
        1,
        1,
        null,
        1,
        1,
        1,
        1,
        1,
        1,
        1,
        1,
        1,
        1,
        null,
        1,
        1,
        null,
        1,
        1,
        1,
        1,
        null,
        1,
        1,
        null,
        null,
        1,
        1,
        1,
        1,
        null,
        1,
        1,
        1,
        1,
        1,
        1,
        1,
        1,
        1,
        1,
        null,
        1,
        1,
        null,
        null,
        1,
        1,
        1,
        1,
        1,
        1,
        1,
        1,
        1,
        1,
        1,
        1,
        1,
        1,
        null,
        1,
        1,
        null,
        null,
        null,
        null,
        1,
        1,
        3,
        3,
        3,
        null,
        1,
        1,
        1,
        null,
        1,
        1,
        1,
        null,
        1,
        1,
        1,
        null,
        1,
        1,
        1,
        1,
        null,
        1,
        1,
        1,
        null,
        1,
        1,
        1,
        null,
        null,
        1,
        1,
        1,
        null,
        1,
        1,
        1,
        null,
        null,
        null,
        null,
        1,
        1,
        1,
        1,
        1,
        null,
        1,
        1,
        1,
        1,
        1,
        null,
        1,
        null,
        1,
        null,
        1,
        1,
        1,
        null,
        null,
        null
      ],
      "/Users/id/src/turing/mod2/projects/little_shop_v2/spec/features/users/show_spec.rb": [
        1,
        null,
        1,
        1,
        8,
        null,
        1,
        1,
        1,
        null,
        1,
        1,
        1,
        1,
        1,
        1,
        1,
        1,
        null,
        1,
        1,
        null,
        1,
        null,
        1,
        1,
        1,
        null,
        1,
        null,
        1,
        null,
        1,
        null,
        null,
        null,
        1,
        1,
        1,
        1,
        null,
        1,
        1,
        1,
        1,
        1,
        1,
        1,
        1,
        null,
        1,
        1,
        null,
        1,
        null,
        1,
        1,
        1,
        null,
        1,
        null,
        1,
        null,
        1,
        1,
        null,
        null,
        null,
        1,
        1,
        1,
        1,
        null,
        1,
        null,
        1,
        1,
        null,
        1,
        null,
        null,
        null,
        1,
        1,
        1,
        1,
        null,
        1,
        null,
        1,
        null,
        null,
        null,
        1,
        1,
        1,
        1,
        null,
        1,
        null,
        1,
        null,
        null,
        null,
        null
      ],
      "/Users/id/src/turing/mod2/projects/little_shop_v2/spec/models/item_spec.rb": [
        1,
        null,
        1,
        1,
        2,
        2,
        2,
        null,
        null,
        1,
        2,
        2,
        2,
        2,
        2,
        2,
        2,
        null,
        null,
        1,
        null,
        null,
        1,
        null,
        null
      ],
      "/Users/id/src/turing/mod2/projects/little_shop_v2/app/models/item.rb": [
        1,
        1,
        1,
        1,
        null,
        1,
        1,
        null,
        null,
        null,
        1,
        null,
        null,
        null,
        null,
        null
      ],
      "/Users/id/src/turing/mod2/projects/little_shop_v2/spec/models/order_item_spec.rb": [
        1,
        null,
        1,
        1,
        2,
        2,
        null,
        null,
        1,
        2,
        2,
        2,
        2,
        null,
        null,
        1,
        null,
        null,
        1,
        1,
        1,
        null,
        1,
        null,
        null,
        null
      ],
      "/Users/id/src/turing/mod2/projects/little_shop_v2/app/models/order_item.rb": [
        1,
        1,
        1,
        null,
        1,
        null,
        null,
        null,
        1,
        null,
        null,
        null,
        null,
        1,
        1,
        null,
        1,
        null,
        null
      ],
      "/Users/id/src/turing/mod2/projects/little_shop_v2/spec/models/order_spec.rb": [
        1,
        null,
        1,
        1,
        2,
        2,
        2,
        null,
        null,
        1,
        2,
        null,
        null,
        1,
        null,
        null,
        1,
        null,
        null
      ],
      "/Users/id/src/turing/mod2/projects/little_shop_v2/app/models/order.rb": [
        1,
        1,
        1,
        1,
        null,
        1,
        null
      ],
      "/Users/id/src/turing/mod2/projects/little_shop_v2/spec/models/user_spec.rb": [
        1,
        null,
        1,
        1,
        2,
        2,
        null,
        null,
        1,
        2,
        2,
        2,
        2,
        2,
        2,
        2,
        null,
        null,
        1,
        null,
        null,
        1,
        null,
        null
      ],
      "/Users/id/src/turing/mod2/projects/little_shop_v2/app/controllers/session_controller.rb": [
        1,
        1,
        null,
        null,
        1,
        10,
        10,
        8,
        7,
        7,
        null,
        1,
        1,
        null,
        null,
        2,
        null,
        null,
        null,
        1,
        3,
        3,
        null,
        null
      ],
      "/Users/id/src/turing/mod2/projects/little_shop_v2/app/controllers/application_controller.rb": [
        1,
        1,
        null,
        1,
        null,
        1,
        233,
        null,
        null,
        1,
        114,
        null,
        null
      ],
      "/Users/id/src/turing/mod2/projects/little_shop_v2/app/controllers/users_controller.rb": [
        1,
        1,
        10,
        10,
        null,
        null,
        1,
        19,
        13,
        13,
        null,
        6,
        3,
        null,
        3,
        null,
        null,
        null,
        null,
        1,
        5,
        null,
        null,
        1,
        9,
        9,
        8,
        8,
        3,
        5,
        2,
        null,
        null,
        null,
        null,
        1,
        6,
        6,
        6,
        6,
        null,
        6,
        2,
        1,
        1,
        1,
        null,
        2,
        2,
        2,
        null,
        4,
        2,
        2,
        null,
        2,
        null,
        null,
        null,
        null,
        null,
        null,
        0,
        null,
        null,
        null,
        null,
        null,
        1,
        4,
        4,
        1,
        1,
        null,
        3,
        null,
        null,
        null,
        1,
        null,
        null,
        1,
        8,
        null,
        null
      ],
      "/Users/id/src/turing/mod2/projects/little_shop_v2/app/controllers/orders_controller.rb": [
        1,
        1,
        3,
        null,
        null,
        null,
        null,
        null,
        null,
        null
      ],
      "/Users/id/src/turing/mod2/projects/little_shop_v2/app/controllers/welcome_controller.rb": [
        1,
        1,
        null,
        null
      ],
      "/Users/id/src/turing/mod2/projects/little_shop_v2/app/controllers/dashboard_controller.rb": [
        1,
        1,
        null,
        null
      ],
      "/Users/id/src/turing/mod2/projects/little_shop_v2/app/controllers/items_controller.rb": [
        1,
        1,
        1,
        null,
        null,
        null,
        null,
        null,
        null,
        null
      ],
      "/Users/id/src/turing/mod2/projects/little_shop_v2/app/controllers/merchants_controller.rb": [
        1,
        1,
        null,
        null
      ],
      "/Users/id/src/turing/mod2/projects/little_shop_v2/app/controllers/cart_controller.rb": [
        1,
        1,
        null,
        null
      ]
    },
    "timestamp": 1540570674
  }
}
